<?xml version="1.0" encoding="UTF-8"?>
<!-- Generated by org.testng.reporters.JUnitReportReporter -->
<testsuite hostname="Home" failures="0" tests="1" name="com.testcases.Tc_01_Authentication_Header_Validation" time="136.144" errors="0" timestamp="2019-11-05T10:20:29 IST" skipped="0">
  <testcase classname="com.testcases.Tc_01_Authentication_Header_Validation" name="Tc_01_Authentication_Header_Validation" time="136.144"/>
</testsuite> <!-- com.testcases.Tc_01_Authentication_Header_Validation -->
