<?xml version="1.0" encoding="UTF-8"?>
<!-- Generated by org.testng.reporters.JUnitReportReporter -->
<testsuite name="com.testcases.Tc_01_Authentication_Header_Validation" tests="1" time="38.504" ignored="0" failures="0" timestamp="21 Oct 2019 04:11:12 GMT" skipped="0" hostname="RC-LPT" errors="0">
  <testcase name="Tc_01_Authentication_Header_Validation" time="38.504" classname="com.testcases.Tc_01_Authentication_Header_Validation"/>
</testsuite> <!-- com.testcases.Tc_01_Authentication_Header_Validation -->
