<?xml version="1.0" encoding="UTF-8"?>
<!-- Generated by org.testng.reporters.JUnitReportReporter -->
<testsuite ignored="0" hostname="Home" failures="0" tests="1" name="com.testcases.Tc_03_Authentication_CreateAccount" time="0.125" errors="0" timestamp="21 Oct 2019 05:58:58 GMT" skipped="0">
  <testcase classname="com.testcases.Tc_03_Authentication_CreateAccount" name="Tc_03_Authentication_CreateAccount" time="0.125"/>
</testsuite> <!-- com.testcases.Tc_03_Authentication_CreateAccount -->
