<?xml version="1.0" encoding="UTF-8"?>
<!-- Generated by org.testng.reporters.JUnitReportReporter -->
<testsuite ignored="0" hostname="Home" failures="0" tests="1" name="com.testcases.Tc_01_Authentication_Header_Validation" time="109.231" errors="0" timestamp="02 Nov 2019 04:59:49 GMT" skipped="0">
  <testcase classname="com.testcases.Tc_01_Authentication_Header_Validation" name="Tc_01_Authentication_Header_Validation" time="109.231"/>
</testsuite> <!-- com.testcases.Tc_01_Authentication_Header_Validation -->
